<?xml version="1.0" encoding="UTF-8"?>
<!-- Generated by org.testng.reporters.JUnitReportReporter -->
<testsuite hostname="wangychu-mint14" name="com.viewfunction.processRepository.testNGTest.TestNG_ProcessComponentFactoryTestCase" tests="4" failures="0" timestamp="26 Apr 2013 13:40:33 GMT" time="1.159" errors="0">
  <testcase name="testCreateProcessStep" time="0.001" classname="com.viewfunction.processRepository.testNGTest.TestNG_ProcessComponentFactoryTestCase"/>
  <testcase name="testCreateHistoricProcessStep" time="0.002" classname="com.viewfunction.processRepository.testNGTest.TestNG_ProcessComponentFactoryTestCase"/>
  <testcase name="testConnectProcessSpace" time="1.154" classname="com.viewfunction.processRepository.testNGTest.TestNG_ProcessComponentFactoryTestCase"/>
  <testcase name="testCreateProcessObject" time="0.002" classname="com.viewfunction.processRepository.testNGTest.TestNG_ProcessComponentFactoryTestCase"/>
</testsuite> <!-- com.viewfunction.processRepository.testNGTest.TestNG_ProcessComponentFactoryTestCase -->
