<?xml version="1.0" encoding="UTF-8"?>
<!-- Generated by org.testng.reporters.JUnitReportReporter -->
<testsuite hostname="wangychu-mint14" name="com.viewfunction.processRepository.testNGTest.TestNG_ProcessLogicTestCase" tests="1" failures="0" timestamp="26 Apr 2013 13:40:33 GMT" time="1.667" errors="0">
  <testcase name="testProcessObjectOperation" time="1.667" classname="com.viewfunction.processRepository.testNGTest.TestNG_ProcessLogicTestCase"/>
</testsuite> <!-- com.viewfunction.processRepository.testNGTest.TestNG_ProcessLogicTestCase -->
