<?xml version="1.0" encoding="UTF-8"?>
<!-- Generated by org.testng.reporters.JUnitReportReporter -->
<testsuite hostname="localhost" name="com.viewfunction.processRepository.testNGTest.TestNG_ProcessObjectTestCase" tests="1" failures="0" timestamp="7 Dec 2011 11:29:44 GMT" time="1.141" errors="0">
  <testcase name="testProcessObjectOperation" time="1.141" classname="com.viewfunction.processRepository.testNGTest.TestNG_ProcessObjectTestCase"/>
</testsuite>
